<?xml version="1.0" encoding="UTF-8"?>
<testng-results ignored="0" total="3" passed="2" failed="1" skipped="0">
  <reporter-output>
    <line>
      <![CDATA[https://www.facebook.com/OrangeHRM/]]>
    </line>
    <line>
      <![CDATA[https://twitter.com/orangehrm?lang=en]]>
    </line>
    <line>
      <![CDATA[OrangeHRM]]>
    </line>
  </reporter-output>
  <suite started-at="2023-01-30T07:06:26 IST" name="Assignment12Suite" finished-at="2023-01-30T07:09:00 IST" duration-ms="153153">
    <groups>
    </groups>
    <test started-at="2023-01-30T07:06:26 IST" name="Assignment12Test" finished-at="2023-01-30T07:09:00 IST" duration-ms="153153">
      <class name="Assigment12th.question2">
        <test-method signature="login(java.lang.String)[pri:0, instance:Assigment12th.question2@771a660]" started-at="2023-01-30T07:07:42 IST" name="login" finished-at="2023-01-30T07:08:22 IST" duration-ms="39372" status="PASS">
          <params>
            <param index="0">
              <value>
                <![CDATA[Chrome]]>
              </value>
            </param>
          </params>
          <reporter-output>
          </reporter-output>
        </test-method> <!-- login -->
      </class> <!-- Assigment12th.question2 -->
      <class name="Assigment12th.Question4">
        <test-method signature="login(java.lang.String)[pri:0, instance:Assigment12th.Question4@55634720]" started-at="2023-01-30T07:06:28 IST" name="login" finished-at="2023-01-30T07:07:42 IST" duration-ms="74518" status="PASS">
          <params>
            <param index="0">
              <value>
                <![CDATA[Chrome]]>
              </value>
            </param>
          </params>
          <reporter-output>
            <line>
              <![CDATA[https://www.facebook.com/OrangeHRM/]]>
            </line>
            <line>
              <![CDATA[https://twitter.com/orangehrm?lang=en]]>
            </line>
          </reporter-output>
        </test-method> <!-- login -->
      </class> <!-- Assigment12th.Question4 -->
      <class name="Assigment12th.Question3">
        <test-method signature="login(java.lang.String)[pri:0, instance:Assigment12th.Question3@2d52216b]" started-at="2023-01-30T07:08:22 IST" name="login" finished-at="2023-01-30T07:09:00 IST" duration-ms="37780" status="FAIL">
          <params>
            <param index="0">
              <value>
                <![CDATA[Chrome]]>
              </value>
            </param>
          </params>
          <exception class="java.lang.AssertionError">
            <message>
              <![CDATA[Wrong text expected [true] but found [false]]]>
            </message>
            <full-stacktrace>
              <![CDATA[java.lang.AssertionError: Wrong text expected [true] but found [false]
at org.testng.Assert.fail(Assert.java:110)
at org.testng.Assert.failNotEquals(Assert.java:1413)
at org.testng.Assert.assertTrue(Assert.java:56)
at Assigment12th.Question3.login(Question3.java:32)
at java.base/jdk.internal.reflect.NativeMethodAccessorImpl.invoke0(Native Method)
at java.base/jdk.internal.reflect.NativeMethodAccessorImpl.invoke(NativeMethodAccessorImpl.java:77)
at java.base/jdk.internal.reflect.DelegatingMethodAccessorImpl.invoke(DelegatingMethodAccessorImpl.java:43)
at java.base/java.lang.reflect.Method.invoke(Method.java:568)
at org.testng.internal.invokers.MethodInvocationHelper.invokeMethod(MethodInvocationHelper.java:139)
at org.testng.internal.invokers.TestInvoker.invokeMethod(TestInvoker.java:677)
at org.testng.internal.invokers.TestInvoker.invokeTestMethod(TestInvoker.java:221)
at org.testng.internal.invokers.MethodRunner.runInSequence(MethodRunner.java:50)
at org.testng.internal.invokers.TestInvoker$MethodInvocationAgent.invoke(TestInvoker.java:962)
at org.testng.internal.invokers.TestInvoker.invokeTestMethods(TestInvoker.java:194)
at org.testng.internal.invokers.TestMethodWorker.invokeTestMethods(TestMethodWorker.java:148)
at org.testng.internal.invokers.TestMethodWorker.run(TestMethodWorker.java:128)
at java.base/java.util.ArrayList.forEach(ArrayList.java:1511)
at org.testng.TestRunner.privateRun(TestRunner.java:806)
at org.testng.TestRunner.run(TestRunner.java:601)
at org.testng.SuiteRunner.runTest(SuiteRunner.java:433)
at org.testng.SuiteRunner.runSequentially(SuiteRunner.java:427)
at org.testng.SuiteRunner.privateRun(SuiteRunner.java:387)
at org.testng.SuiteRunner.run(SuiteRunner.java:330)
at org.testng.SuiteRunnerWorker.runSuite(SuiteRunnerWorker.java:52)
at org.testng.SuiteRunnerWorker.run(SuiteRunnerWorker.java:95)
at org.testng.TestNG.runSuitesSequentially(TestNG.java:1256)
at org.testng.TestNG.runSuitesLocally(TestNG.java:1176)
at org.testng.TestNG.runSuites(TestNG.java:1099)
at org.testng.TestNG.run(TestNG.java:1067)
at org.testng.remote.AbstractRemoteTestNG.run(AbstractRemoteTestNG.java:115)
at org.testng.remote.RemoteTestNG.initAndRun(RemoteTestNG.java:251)
at org.testng.remote.RemoteTestNG.main(RemoteTestNG.java:77)
]]>
            </full-stacktrace>
          </exception> <!-- java.lang.AssertionError -->
          <reporter-output>
            <line>
              <![CDATA[OrangeHRM]]>
            </line>
          </reporter-output>
        </test-method> <!-- login -->
      </class> <!-- Assigment12th.Question3 -->
    </test> <!-- Assignment12Test -->
  </suite> <!-- Assignment12Suite -->
</testng-results>
